Using pre-set license
Built from 'trunk' branch; Version is '2020.2.0a18 (4f8709444da6) revision 5211913'; Using compiler version '192528614'; Build Type 'Release'
OS: 'Windows 10  (10.0.0) 64bit' Language: 'en' Physical Memory: 16329 MB
BatchMode: 1, IsHumanControllingUs: 0, StartBugReporterOnCrash: 0, Is64bit: 1, IsPro: 0

 COMMAND LINE ARGUMENTS:
F:\Softwares\Unity\Editor\2020.2.0a18\Editor\Unity.exe
-adb2
-batchMode
-noUpm
-name
AssetImportWorker0
-projectPath
F:/Projects/1/VirtualGit
-logFile
Logs/AssetImportWorker0.log
-srvPort
54637
Successfully changed project path to: F:/Projects/1/VirtualGit
F:/Projects/1/VirtualGit
Using Asset Import Pipeline V2.
Refreshing native plugins compatible for Editor in 76.42 ms, found 0 plugins.
Preloading 0 native plugins for Editor in 0.00 ms.
Initialize engine version: 2020.2.0a18 (4f8709444da6)
[Subsystems] Discovering subsystems at path F:/Softwares/Unity/Editor/2020.2.0a18/Editor/Data/Resources/UnitySubsystems
[Subsystems] Discovering subsystems at path F:/Projects/1/VirtualGit/Assets
GfxDevice: creating device client; threaded=0
Direct3D:
    Version:  Direct3D 11.0 [level 11.1]
    Renderer: NVIDIA GeForce GTX 1060 3GB (ID=0x1c02)
    Vendor:   
    VRAM:     2988 MB
    Driver:   26.21.14.4614
Initialize mono
Mono path[0] = 'F:/Softwares/Unity/Editor/2020.2.0a18/Editor/Data/Managed'
Mono path[1] = 'F:/Softwares/Unity/Editor/2020.2.0a18/Editor/Data/MonoBleedingEdge/lib/mono/unityjit'
Mono config path = 'F:/Softwares/Unity/Editor/2020.2.0a18/Editor/Data/MonoBleedingEdge/etc'
Using monoOptions --debugger-agent=transport=dt_socket,embedding=1,server=y,suspend=n,address=127.0.0.1:56688
Begin MonoManager ReloadAssembly
Registering precompiled unity dll's ...
Register platform support module: F:/Softwares/Unity/Editor/2020.2.0a18/Editor/Data/PlaybackEngines/WebGLSupport/UnityEditor.WebGL.Extensions.dll
Register platform support module: F:/Softwares/Unity/Editor/2020.2.0a18/Editor/Data/PlaybackEngines/WindowsStandaloneSupport/UnityEditor.WindowsStandalone.Extensions.dll
Registered in 0.002436 seconds.
Native extension for WindowsStandalone target not found
Native extension for WebGL target not found
Refreshing native plugins compatible for Editor in 251.19 ms, found 0 plugins.
Preloading 0 native plugins for Editor in 0.00 ms.
Invoked RoslynAnalysisRunner static constructor.
RoslynAnalysisRunner will not be running.
RoslynAnalysisRunner has terminated.
Mono: successfully reloaded assembly
- Completed reload, in 19.324 seconds
Registering precompiled user dll's ...
Registered in 0.100711 seconds.
Platform modules already initialized, skipping
Begin MonoManager ReloadAssembly
Symbol file LoadedFromMemory doesn't match image F:\Projects\1\VirtualGit\Library\PackageCache\com.unity.ext.nunit@1.0.0\net35\unity-custom\nunit.framework.dll
Native extension for WindowsStandalone target not found
Native extension for WebGL target not found
Refreshing native plugins compatible for Editor in 0.32 ms, found 0 plugins.
Preloading 0 native plugins for Editor in 0.00 ms.
CreateSerializedAsset is not supported while importing out-of-process
UnityEngine.StackTraceUtility:ExtractStackTrace ()
PlayFab.PfEditor.PlayFabEditorPrefsSO:get_Instance () (at Assets/PlayFabEditorExtensions/Editor/Scripts/Utils/PlayFabEditorPrefsSO.cs:38)
PlayFab.PfEditor.SubMenuComponent:RegisterMenuItem (string,System.Action) (at Assets/PlayFabEditorExtensions/Editor/Scripts/Components/SubMenuComponent.cs:42)
PlayFab.PfEditor.PlayFabEditorDataMenu:RegisterMenu () (at Assets/PlayFabEditorExtensions/Editor/Scripts/Panels/PlayFabEditorDataMenu.cs:93)
PlayFab.PfEditor.PlayFabEditorDataMenu:.cctor () (at Assets/PlayFabEditorExtensions/Editor/Scripts/Panels/PlayFabEditorDataMenu.cs:74)
System.Runtime.CompilerServices.RuntimeHelpers:RunClassConstructor (System.RuntimeTypeHandle)
UnityEditor.EditorAssemblies:ProcessInitializeOnLoadAttributes (System.Type[])

[Assets/PlayFabEditorExtensions/Editor/Scripts/Utils/PlayFabEditorPrefsSO.cs line 38]

UnityEngine.UnityException: Creating asset at path Assets/PlayFabEditorExtensions/Editor/Resources/PlayFabEditorPrefsSO.asset failed.
  at (wrapper managed-to-native) UnityEditor.AssetDatabase.CreateAsset(UnityEngine.Object,string)
  at PlayFab.PfEditor.PlayFabEditorPrefsSO.get_Instance () [0x00084] in F:\Projects\1\VirtualGit\Assets\PlayFabEditorExtensions\Editor\Scripts\Utils\PlayFabEditorPrefsSO.cs:38 
  at PlayFab.PfEditor.SubMenuComponent.RegisterMenuItem (System.String n, System.Action m) [0x00010] in F:\Projects\1\VirtualGit\Assets\PlayFabEditorExtensions\Editor\Scripts\Components\SubMenuComponent.cs:42 
  at PlayFab.PfEditor.PlayFabEditorDataMenu.RegisterMenu () [0x00018] in F:\Projects\1\VirtualGit\Assets\PlayFabEditorExtensions\Editor\Scripts\Panels\PlayFabEditorDataMenu.cs:93 
  at PlayFab.PfEditor.PlayFabEditorDataMenu..cctor () [0x0003a] in F:\Projects\1\VirtualGit\Assets\PlayFabEditorExtensions\Editor\Scripts\Panels\PlayFabEditorDataMenu.cs:74 
UnityEngine.StackTraceUtility:ExtractStackTrace ()
UnityEngine.DebugLogHandler:LogFormat (UnityEngine.LogType,UnityEngine.Object,string,object[])
UnityEngine.Logger:Log (UnityEngine.LogType,object)
UnityEngine.Debug:LogError (object)
UnityEditor.EditorAssemblies:ProcessInitializeOnLoadAttributes (System.Type[])

